<?xml version="1.0" encoding="UTF-8"?>
<!-- Generated by org.testng.reporters.JUnitReportReporter -->
<testsuite hostname="SSTPRLAP093" failures="0" tests="6" name="PageObject.SmokeTest" time="60.218" errors="0" timestamp="2022-03-28T23:03:45 IST" skipped="0">
  <testcase classname="PageObject.SmokeTest" name="url" time="16.289"/>
  <system-out/>
  <testcase classname="PageObject.SmokeTest" name="startbusinessPage" time="8.346"/>
  <system-out/>
  <testcase classname="PageObject.SmokeTest" name="businessPage" time="8.456"/>
  <system-out/>
  <testcase classname="PageObject.SmokeTest" name="questionsPage" time="25.024"/>
  <system-out/>
  <testcase classname="PageObject.SmokeTest" name="loginPage" time="2.099"/>
  <system-out/>
  <testcase classname="PageObject.SmokeTest" name="pageEnd" time="0.004"/>
  <system-out/>
</testsuite> <!-- PageObject.SmokeTest -->
